<?xml version="1.0" encoding="UTF-8"?>
<!-- Generated by org.testng.reporters.JUnitReportReporter -->
<testsuite hostname="Rakshana_Radhakrishnan" failures="0" tests="1" name="TestCases.Case3Success" time="18.227" errors="0" timestamp="2021-08-17T23:20:10 GMT+05:30" skipped="0">
  <testcase classname="TestCases.Case3Success" name="Success" time="18.227"/>
  <system-out/>
</testsuite> <!-- TestCases.Case3Success -->
