<?xml version="1.0" encoding="UTF-8"?>
<!-- Generated by org.testng.reporters.JUnitReportReporter -->
<testsuite hostname="Rakshana_Radhakrishnan" failures="0" tests="2" name="TestCases.Case1" time="13.742" errors="0" timestamp="2021-08-17T23:20:11 GMT+05:30" skipped="0">
  <testcase classname="TestCases.Case1" name="Data" time="9.460"/>
  <system-out/>
  <testcase classname="TestCases.Case1" name="Data" time="4.282"/>
  <system-out/>
</testsuite> <!-- TestCases.Case1 -->
