<?xml version="1.0" encoding="UTF-8"?>
<!-- Generated by org.testng.reporters.JUnitReportReporter -->
<testsuite skipped="0" hostname="Rakshana_Radhakrishnan" name="TestCases.Case3Success" tests="1" failures="0" timestamp="2021-08-18T12:34:25 GMT+05:30" time="60.435" errors="0">
  <testcase name="Success" time="60.435" classname="TestCases.Case3Success"/>
  <system-out/>
</testsuite> <!-- TestCases.Case3Success -->
